Build started 10/22/2015 2:04:14 PM.
     1>Project "C:\works\own\rtphone\Libs\resiprocate\contrib\ares\ares_9_0.vcxproj" on node 4 (Rebuild target(s)).
     1>ClCompile:
         C:\Program Files (x86)\Microsoft Visual Studio 12.0\VC\bin\CL.exe /c /IC:\works\own\rtphone\/contrib/ares /Zi /nologo /W3 /WX- /Od /Oy- /D WIN32 /D _DEBUG /D USE_IPV6 /D _CRT_SECURE_NO_WARNINGS /D _VC80_UPGRADE=0x0710 /D _USING_V110_SDK71_ /D _MBCS /Gm- /EHsc /RTC1 /MDd /GS /fp:precise /Zc:wchar_t- /Zc:forScope /Fo"Debug\\" /Fd"Debug\vc120.pdb" /Gd /TC /analyze- /errorReport:prompt /MP ares__close_sockets.c ares__get_hostent.c ares__read_line.c ares_destroy.c ares_expand_name.c ares_fds.c ares_free_errmem.c ares_free_hostent.c ares_free_string.c ares_gethostbyaddr.c ares_gethostbyname.c ares_init.c ares_local.c ares_mkquery.c ares_parse_a_reply.c ares_parse_ptr_reply.c ares_process.c ares_query.c ares_search.c ares_send.c ares_strerror.c ares_timeout.c
         ares__close_sockets.c
         ares__get_hostent.c
         ares__read_line.c
         ares_destroy.c
         ares_expand_name.c
         ares_fds.c
         ares_free_errmem.c
         ares_free_hostent.c
         ares_free_string.c
         ares_gethostbyaddr.c
         ares_gethostbyname.c
         ares_init.c
         ares_local.c
         ares_mkquery.c
         ares_parse_a_reply.c
         ares_parse_ptr_reply.c
         ares_process.c
         ares_query.c
         ares_search.c
         ares_send.c
         ares_strerror.c
         ares_timeout.c
       Lib:
         C:\Program Files (x86)\Microsoft Visual Studio 12.0\VC\bin\Lib.exe /OUT:"Debug\ares.lib" /NOLOGO Debug\ares__close_sockets.obj
         Debug\ares__get_hostent.obj
         Debug\ares__read_line.obj
         Debug\ares_destroy.obj
         Debug\ares_expand_name.obj
         Debug\ares_fds.obj
         Debug\ares_free_errmem.obj
         Debug\ares_free_hostent.obj
         Debug\ares_free_string.obj
         Debug\ares_gethostbyaddr.obj
         Debug\ares_gethostbyname.obj
         Debug\ares_init.obj
         Debug\ares_local.obj
         Debug\ares_mkquery.obj
         Debug\ares_parse_a_reply.obj
         Debug\ares_parse_ptr_reply.obj
         Debug\ares_process.obj
         Debug\ares_query.obj
         Debug\ares_search.obj
         Debug\ares_send.obj
         Debug\ares_strerror.obj
         Debug\ares_timeout.obj
         ares_9_0.vcxproj -> C:\works\own\rtphone\Libs\resiprocate\contrib\ares\Debug\ares.lib
     1>Done Building Project "C:\works\own\rtphone\Libs\resiprocate\contrib\ares\ares_9_0.vcxproj" (Rebuild target(s)).

Build succeeded.

Time Elapsed 00:00:35.01
