c:\works\own\rtphone\libs\resiprocate\rutil\ssl-debug\vc120.pdb
c:\works\own\rtphone\libs\resiprocate\rutil\ssl-debug\rutil.lib
c:\works\own\rtphone\libs\resiprocate\rutil\ssl-debug\abstractfifo.obj
c:\works\own\rtphone\libs\resiprocate\rutil\ssl-debug\aresdns.obj
c:\works\own\rtphone\libs\resiprocate\rutil\ssl-debug\atomiccounter.obj
c:\works\own\rtphone\libs\resiprocate\rutil\ssl-debug\baseexception.obj
c:\works\own\rtphone\libs\resiprocate\rutil\ssl-debug\coders.obj
c:\works\own\rtphone\libs\resiprocate\rutil\ssl-debug\condition.obj
c:\works\own\rtphone\libs\resiprocate\rutil\ssl-debug\configparse.obj
c:\works\own\rtphone\libs\resiprocate\rutil\ssl-debug\countstream.obj
c:\works\own\rtphone\libs\resiprocate\rutil\ssl-debug\data.obj
c:\works\own\rtphone\libs\resiprocate\rutil\ssl-debug\datastream.obj
c:\works\own\rtphone\libs\resiprocate\rutil\ssl-debug\dnsaaaarecord.obj
c:\works\own\rtphone\libs\resiprocate\rutil\ssl-debug\dnscnamerecord.obj
c:\works\own\rtphone\libs\resiprocate\rutil\ssl-debug\dnshostrecord.obj
c:\works\own\rtphone\libs\resiprocate\rutil\ssl-debug\dnsnaptrrecord.obj
c:\works\own\rtphone\libs\resiprocate\rutil\ssl-debug\dnssrvrecord.obj
c:\works\own\rtphone\libs\resiprocate\rutil\ssl-debug\dnsstub.obj
c:\works\own\rtphone\libs\resiprocate\rutil\ssl-debug\dnsthread.obj
c:\works\own\rtphone\libs\resiprocate\rutil\ssl-debug\dnsutil.obj
c:\works\own\rtphone\libs\resiprocate\rutil\ssl-debug\externaldnsfactory.obj
c:\works\own\rtphone\libs\resiprocate\rutil\ssl-debug\fdpoll.obj
c:\works\own\rtphone\libs\resiprocate\rutil\ssl-debug\filesystem.obj
c:\works\own\rtphone\libs\resiprocate\rutil\ssl-debug\generalcongestionmanager.obj
c:\works\own\rtphone\libs\resiprocate\rutil\ssl-debug\heapinstancecounter.obj
c:\works\own\rtphone\libs\resiprocate\rutil\ssl-debug\keyvaluestore.obj
c:\works\own\rtphone\libs\resiprocate\rutil\ssl-debug\localdns.obj
c:\works\own\rtphone\libs\resiprocate\rutil\ssl-debug\lock.obj
c:\works\own\rtphone\libs\resiprocate\rutil\ssl-debug\log.obj
c:\works\own\rtphone\libs\resiprocate\rutil\ssl-debug\md5stream.obj
c:\works\own\rtphone\libs\resiprocate\rutil\ssl-debug\mutex.obj
c:\works\own\rtphone\libs\resiprocate\rutil\ssl-debug\opensslinit.obj
c:\works\own\rtphone\libs\resiprocate\rutil\ssl-debug\parsebuffer.obj
c:\works\own\rtphone\libs\resiprocate\rutil\ssl-debug\parseexception.obj
c:\works\own\rtphone\libs\resiprocate\rutil\ssl-debug\poll.obj
c:\works\own\rtphone\libs\resiprocate\rutil\ssl-debug\poolbase.obj
c:\works\own\rtphone\libs\resiprocate\rutil\ssl-debug\querytypes.obj
c:\works\own\rtphone\libs\resiprocate\rutil\ssl-debug\random.obj
c:\works\own\rtphone\libs\resiprocate\rutil\ssl-debug\recursivemutex.obj
c:\works\own\rtphone\libs\resiprocate\rutil\ssl-debug\resipfaststreams.obj
c:\works\own\rtphone\libs\resiprocate\rutil\ssl-debug\rrcache.obj
c:\works\own\rtphone\libs\resiprocate\rutil\ssl-debug\rrlist.obj
c:\works\own\rtphone\libs\resiprocate\rutil\ssl-debug\rroverlay.obj
c:\works\own\rtphone\libs\resiprocate\rutil\ssl-debug\rrvip.obj
c:\works\own\rtphone\libs\resiprocate\rutil\ssl-debug\rwmutex.obj
c:\works\own\rtphone\libs\resiprocate\rutil\ssl-debug\selectinterruptor.obj
c:\works\own\rtphone\libs\resiprocate\rutil\ssl-debug\serverprocess.obj
c:\works\own\rtphone\libs\resiprocate\rutil\ssl-debug\sha1stream.obj
c:\works\own\rtphone\libs\resiprocate\rutil\ssl-debug\socket.obj
c:\works\own\rtphone\libs\resiprocate\rutil\ssl-debug\stun.obj
c:\works\own\rtphone\libs\resiprocate\rutil\ssl-debug\subsystem.obj
c:\works\own\rtphone\libs\resiprocate\rutil\ssl-debug\syslogbuf.obj
c:\works\own\rtphone\libs\resiprocate\rutil\ssl-debug\syslogstream.obj
c:\works\own\rtphone\libs\resiprocate\rutil\ssl-debug\threadif.obj
c:\works\own\rtphone\libs\resiprocate\rutil\ssl-debug\time.obj
c:\works\own\rtphone\libs\resiprocate\rutil\ssl-debug\timer.obj
c:\works\own\rtphone\libs\resiprocate\rutil\ssl-debug\transporttype.obj
c:\works\own\rtphone\libs\resiprocate\rutil\ssl-debug\udp.obj
c:\works\own\rtphone\libs\resiprocate\rutil\ssl-debug\vmd5.obj
c:\works\own\rtphone\libs\resiprocate\rutil\ssl-debug\wincompat.obj
c:\works\own\rtphone\libs\resiprocate\rutil\ssl-debug\xmlcursor.obj
c:\works\own\rtphone\libs\resiprocate\rutil\ssl-debug\vc120.idb
c:\works\own\rtphone\libs\resiprocate\rutil\ssl-debug\rutil.tlog\cl.command.1.tlog
c:\works\own\rtphone\libs\resiprocate\rutil\ssl-debug\rutil.tlog\cl.read.1.tlog
c:\works\own\rtphone\libs\resiprocate\rutil\ssl-debug\rutil.tlog\cl.write.1.tlog
c:\works\own\rtphone\libs\resiprocate\rutil\ssl-debug\rutil.tlog\lib-link.read.1.tlog
c:\works\own\rtphone\libs\resiprocate\rutil\ssl-debug\rutil.tlog\lib-link.write.1.tlog
c:\works\own\rtphone\libs\resiprocate\rutil\ssl-debug\rutil.tlog\lib.command.1.tlog
