Build started 10/22/2015 4:21:53 PM.
     1>Project "C:\works\own\rtphone\Libs\resiprocate\resip\dum\dum_9_0.vcxproj" on node 3 (Rebuild target(s)).
     1>ClCompile:
         C:\Program Files (x86)\Microsoft Visual Studio 12.0\VC\bin\CL.exe /c /IC:\works\own\rtphone\Libs\resiprocate\resip\dum\/../../ /IC:\works\own\rtphone\Libs\resiprocate\resip\dum\/../../../ /IC:\works\own\rtphone\Libs\resiprocate\resip\dum\../../../openssl/include /Zi /nologo /W3 /WX- /Od /Oy- /D WIN32 /D _DEBUG /D USE_ARES /D LEAK_CHECK /D USE_IPV6 /D USE_SSL /D _VC80_UPGRADE=0x0710 /D _MBCS /Gm- /EHsc /MDd /GS /fp:precise /Zc:wchar_t /Zc:forScope /GR /Fo"SSL-Debug\\" /Fd"SSL-Debug\vc120.pdb" /Gd /TP /analyze- /errorReport:prompt /MP AppDialog.cxx AppDialogSet.cxx AppDialogSetFactory.cxx BaseCreator.cxx BaseSubscription.cxx BaseUsage.cxx CertMessage.cxx ChallengeInfo.cxx ClientAuthExtension.cxx ClientAuthManager.cxx ClientInviteSession.cxx ClientOutOfDialogReq.cxx ClientPagerMessage.cxx ClientPublication.cxx ClientRegistration.cxx ClientSubscription.cxx ContactInstanceRecord.cxx DefaultServerReferHandler.cxx DestroyUsage.cxx Dialog.cxx DialogEventInfo.cxx DialogEventStateManager.cxx DialogId.cxx DialogSet.cxx DialogSetId.cxx DialogUsage.cxx DialogUsageManager.cxx DumDecrypted.cxx DumFeature.cxx DumFeatureChain.cxx DumFeatureMessage.cxx DumHelper.cxx DumProcessHandler.cxx DumThread.cxx DumTimeout.cxx ssl\EncryptionManager.cxx EncryptionRequest.cxx Handle.cxx Handled.cxx HandleException.cxx HandleManager.cxx HttpGetMessage.cxx HttpProvider.cxx IdentityHandler.cxx InMemoryRegistrationDatabase.cxx InMemorySyncRegDb.cxx InviteSession.cxx InviteSessionCreator.cxx InviteSessionHandler.cxx KeepAliveManager.cxx KeepAliveTimeout.cxx MasterProfile.cxx MergedRequestKey.cxx MergedRequestRemovalCommand.cxx NetworkAssociation.cxx NonDialogUsage.cxx OutgoingEvent.cxx OutOfDialogReqCreator.cxx PagerMessageCreator.cxx Profile.cxx PublicationCreator.cxx RedirectManager.cxx RegistrationCreator.cxx RegistrationHandler.cxx ServerAuthManager.cxx ServerInviteSession.cxx ServerOutOfDialogReq.cxx ServerPagerMessage.cxx ServerPublication.cxx ServerRegistration.cxx ServerSubscription.cxx SubscriptionCreator.cxx SubscriptionHandler.cxx SubscriptionState.cxx TargetCommand.cxx TlsPeerAuthManager.cxx UserAuthInfo.cxx UserProfile.cxx
         AppDialog.cxx
         AppDialogSet.cxx
         AppDialogSetFactory.cxx
         BaseCreator.cxx
         BaseSubscription.cxx
         BaseUsage.cxx
         CertMessage.cxx
         ChallengeInfo.cxx
         ClientAuthExtension.cxx
         ClientAuthManager.cxx
         ClientInviteSession.cxx
         ClientOutOfDialogReq.cxx
         ClientPagerMessage.cxx
         ClientPublication.cxx
         ClientRegistration.cxx
         ClientSubscription.cxx
         ContactInstanceRecord.cxx
         DefaultServerReferHandler.cxx
         DestroyUsage.cxx
         Dialog.cxx
         DialogEventInfo.cxx
         DialogEventStateManager.cxx
         DialogId.cxx
         DialogSet.cxx
         DialogSetId.cxx
         DialogUsage.cxx
         DialogUsageManager.cxx
         DumDecrypted.cxx
         DumFeature.cxx
         DumFeatureChain.cxx
         DumFeatureMessage.cxx
         DumHelper.cxx
         DumProcessHandler.cxx
         DumThread.cxx
         DumTimeout.cxx
         EncryptionManager.cxx
         EncryptionRequest.cxx
         Handle.cxx
         Handled.cxx
         HandleException.cxx
         HandleManager.cxx
         HttpGetMessage.cxx
         HttpProvider.cxx
         IdentityHandler.cxx
         InMemoryRegistrationDatabase.cxx
         InMemorySyncRegDb.cxx
         InviteSession.cxx
         InviteSessionCreator.cxx
         InviteSessionHandler.cxx
         KeepAliveManager.cxx
         KeepAliveTimeout.cxx
         MasterProfile.cxx
         MergedRequestKey.cxx
         MergedRequestRemovalCommand.cxx
         NetworkAssociation.cxx
         NonDialogUsage.cxx
         OutgoingEvent.cxx
         OutOfDialogReqCreator.cxx
         PagerMessageCreator.cxx
         Profile.cxx
         PublicationCreator.cxx
         RedirectManager.cxx
         RegistrationCreator.cxx
         RegistrationHandler.cxx
         ServerAuthManager.cxx
         ServerInviteSession.cxx
         ServerOutOfDialogReq.cxx
         ServerPagerMessage.cxx
         ServerPublication.cxx
         ServerRegistration.cxx
         ServerSubscription.cxx
         SubscriptionCreator.cxx
         SubscriptionHandler.cxx
         SubscriptionState.cxx
         TargetCommand.cxx
         TlsPeerAuthManager.cxx
         UserAuthInfo.cxx
         UserProfile.cxx
       Lib:
         C:\Program Files (x86)\Microsoft Visual Studio 12.0\VC\bin\Lib.exe /OUT:"SSL-Debug\dum.lib" /NOLOGO "SSL-Debug\AppDialog.obj"
         "SSL-Debug\AppDialogSet.obj"
         "SSL-Debug\AppDialogSetFactory.obj"
         "SSL-Debug\BaseCreator.obj"
         "SSL-Debug\BaseSubscription.obj"
         "SSL-Debug\BaseUsage.obj"
         "SSL-Debug\CertMessage.obj"
         "SSL-Debug\ChallengeInfo.obj"
         "SSL-Debug\ClientAuthExtension.obj"
         "SSL-Debug\ClientAuthManager.obj"
         "SSL-Debug\ClientInviteSession.obj"
         "SSL-Debug\ClientOutOfDialogReq.obj"
         "SSL-Debug\ClientPagerMessage.obj"
         "SSL-Debug\ClientPublication.obj"
         "SSL-Debug\ClientRegistration.obj"
         "SSL-Debug\ClientSubscription.obj"
         "SSL-Debug\ContactInstanceRecord.obj"
         "SSL-Debug\DefaultServerReferHandler.obj"
         "SSL-Debug\DestroyUsage.obj"
         "SSL-Debug\Dialog.obj"
         "SSL-Debug\DialogEventInfo.obj"
         "SSL-Debug\DialogEventStateManager.obj"
         "SSL-Debug\DialogId.obj"
         "SSL-Debug\DialogSet.obj"
         "SSL-Debug\DialogSetId.obj"
         "SSL-Debug\DialogUsage.obj"
         "SSL-Debug\DialogUsageManager.obj"
         "SSL-Debug\DumDecrypted.obj"
         "SSL-Debug\DumFeature.obj"
         "SSL-Debug\DumFeatureChain.obj"
         "SSL-Debug\DumFeatureMessage.obj"
         "SSL-Debug\DumHelper.obj"
         "SSL-Debug\DumProcessHandler.obj"
         "SSL-Debug\DumThread.obj"
         "SSL-Debug\DumTimeout.obj"
         "SSL-Debug\EncryptionManager.obj"
         "SSL-Debug\EncryptionRequest.obj"
         "SSL-Debug\Handle.obj"
         "SSL-Debug\Handled.obj"
         "SSL-Debug\HandleException.obj"
         "SSL-Debug\HandleManager.obj"
         "SSL-Debug\HttpGetMessage.obj"
         "SSL-Debug\HttpProvider.obj"
         "SSL-Debug\IdentityHandler.obj"
         "SSL-Debug\InMemoryRegistrationDatabase.obj"
         "SSL-Debug\InMemorySyncRegDb.obj"
         "SSL-Debug\InviteSession.obj"
         "SSL-Debug\InviteSessionCreator.obj"
         "SSL-Debug\InviteSessionHandler.obj"
         "SSL-Debug\KeepAliveManager.obj"
         "SSL-Debug\KeepAliveTimeout.obj"
         "SSL-Debug\MasterProfile.obj"
         "SSL-Debug\MergedRequestKey.obj"
         "SSL-Debug\MergedRequestRemovalCommand.obj"
         "SSL-Debug\NetworkAssociation.obj"
         "SSL-Debug\NonDialogUsage.obj"
         "SSL-Debug\OutgoingEvent.obj"
         "SSL-Debug\OutOfDialogReqCreator.obj"
         "SSL-Debug\PagerMessageCreator.obj"
         "SSL-Debug\Profile.obj"
         "SSL-Debug\PublicationCreator.obj"
         "SSL-Debug\RedirectManager.obj"
         "SSL-Debug\RegistrationCreator.obj"
         "SSL-Debug\RegistrationHandler.obj"
         "SSL-Debug\ServerAuthManager.obj"
         "SSL-Debug\ServerInviteSession.obj"
         "SSL-Debug\ServerOutOfDialogReq.obj"
         "SSL-Debug\ServerPagerMessage.obj"
         "SSL-Debug\ServerPublication.obj"
         "SSL-Debug\ServerRegistration.obj"
         "SSL-Debug\ServerSubscription.obj"
         "SSL-Debug\SubscriptionCreator.obj"
         "SSL-Debug\SubscriptionHandler.obj"
         "SSL-Debug\SubscriptionState.obj"
         "SSL-Debug\TargetCommand.obj"
         "SSL-Debug\TlsPeerAuthManager.obj"
         "SSL-Debug\UserAuthInfo.obj"
         "SSL-Debug\UserProfile.obj"
         dum_9_0.vcxproj -> C:\works\own\rtphone\Libs\resiprocate\resip\dum\SSL-Debug\dum.lib
     1>Done Building Project "C:\works\own\rtphone\Libs\resiprocate\resip\dum\dum_9_0.vcxproj" (Rebuild target(s)).

Build succeeded.

Time Elapsed 00:04:49.17
