Build started 10/22/2015 4:21:14 PM.
     1>Project "C:\works\own\rtphone\Libs\resiprocate\resip\stack\resiprocate_9_0.vcxproj" on node 2 (Rebuild target(s)).
     1>ClCompile:
         C:\Program Files (x86)\Microsoft Visual Studio 12.0\VC\bin\CL.exe /c /IC:\works\own\rtphone\Libs\resiprocate\resip\stack\../../contrib/ares /IC:\works\own\rtphone\Libs\resiprocate\resip\stack\../ /IC:\works\own\rtphone\Libs\resiprocate\resip\stack\../../ /IC:\works\own\rtphone\Libs\resiprocate\resip\stack\../../../openssl/include /ZI /nologo /W3 /WX- /Od /Oy- /D WIN32 /D _DEBUG /D _LIB /D LEAK_CHECK /D USE_SSL /D USE_ARES /D USE_IPV6 /D USE_DTLS /D _VC80_UPGRADE=0x0710 /D _MBCS /Gm- /EHsc /RTC1 /MDd /GS /fp:precise /Zc:wchar_t /Zc:forScope /GR /Fo"SSL-Debug\\" /Fd"SSL-Debug\vc120.pdb" /Gd /TP /analyze- /errorReport:prompt /Zm300 /MP Aor.cxx ApiCheck.cxx ApplicationSip.cxx Auth.cxx BasicNonceHelper.cxx BranchParameter.cxx CallId.cxx Compression.cxx Connection.cxx ConnectionBase.cxx ConnectionManager.cxx Contents.cxx ContentsFactoryBase.cxx CpimContents.cxx CSeqCategory.cxx DataParameter.cxx DateCategory.cxx DeprecatedDialog.cxx DnsInterface.cxx DnsResult.cxx DtlsMessage.cxx ssl\DtlsTransport.cxx Embedded.cxx EventStackThread.cxx ExistsOrDataParameter.cxx ExistsParameter.cxx ExpiresCategory.cxx ExtensionHeader.cxx ExtensionParameter.cxx ExternalBodyContents.cxx GenericContents.cxx GenericUri.cxx HeaderFieldValue.cxx HeaderFieldValueList.cxx HeaderHash.cxx Headers.cxx HeaderTypes.cxx Helper.cxx IntegerCategory.cxx IntegerParameter.cxx InternalTransport.cxx InteropHelper.cxx InterruptableStackThread.cxx InvalidContents.cxx KeepAliveMessage.cxx LazyParser.cxx Message.cxx MessageFilterRule.cxx MessageWaitingContents.cxx MethodHash.cxx MethodTypes.cxx Mime.cxx MsgHeaderScanner.cxx MultipartAlternativeContents.cxx MultipartMixedContents.cxx MultipartRelatedContents.cxx MultipartSignedContents.cxx NameAddr.cxx NonceHelper.cxx OctetContents.cxx Parameter.cxx ParameterHash.cxx ParameterTypes.cxx ParserCategories.cxx ParserCategory.cxx ParserContainerBase.cxx Pidf.cxx Pkcs7Contents.cxx Pkcs8Contents.cxx PlainContents.cxx PrivacyCategory.cxx QuotedDataParameter.cxx QValue.cxx QValueParameter.cxx RAckCategory.cxx RequestLine.cxx Rlmi.cxx RportParameter.cxx SdpContents.cxx ssl\Security.cxx SecurityAttributes.cxx SERNonceHelper.cxx SipFrag.cxx SipMessage.cxx SipStack.cxx StackThread.cxx StatelessHandler.cxx StatisticsHandler.cxx StatisticsManager.cxx StatisticsMessage.cxx StatusLine.cxx StringCategory.cxx Symbols.cxx TcpBaseTransport.cxx TcpConnection.cxx TcpTransport.cxx TimeAccumulate.cxx TimerMessage.cxx TimerQueue.cxx ssl\TlsConnection.cxx ssl\TlsTransport.cxx Token.cxx TransactionController.cxx TransactionMap.cxx TransactionState.cxx TransactionUser.cxx TransactionUserMessage.cxx Transport.cxx TransportFailure.cxx TransportSelector.cxx TransportThread.cxx TuIM.cxx Tuple.cxx TupleMarkManager.cxx TuSelector.cxx UdpTransport.cxx UInt32Category.cxx UInt32Parameter.cxx UnknownParameter.cxx Uri.cxx Via.cxx WarningCategory.cxx ssl\WinSecurity.cxx X509Contents.cxx
         Aor.cxx
         ApiCheck.cxx
         ApplicationSip.cxx
         Auth.cxx
         BasicNonceHelper.cxx
         BranchParameter.cxx
         CallId.cxx
         Compression.cxx
         Connection.cxx
         ConnectionBase.cxx
         ConnectionManager.cxx
         Contents.cxx
     1>c:\works\own\rtphone\libs\resiprocate\resip\stack\connectionbase.cxx(406): warning C4244: 'argument' : conversion from 'UInt32' to 'UInt16', possible loss of data
     1>c:\works\own\rtphone\libs\resiprocate\resip\stack\connectionbase.cxx(481): warning C4244: 'argument' : conversion from 'UInt32' to 'UInt16', possible loss of data
         ContentsFactoryBase.cxx
         CpimContents.cxx
         CSeqCategory.cxx
         DataParameter.cxx
         DateCategory.cxx
         DeprecatedDialog.cxx
         DnsInterface.cxx
         DnsResult.cxx
         DtlsMessage.cxx
         DtlsTransport.cxx
         Embedded.cxx
         EventStackThread.cxx
         ExistsOrDataParameter.cxx
         ExistsParameter.cxx
         ExpiresCategory.cxx
         ExtensionHeader.cxx
         ExtensionParameter.cxx
         ExternalBodyContents.cxx
         GenericContents.cxx
         GenericUri.cxx
         HeaderFieldValue.cxx
         HeaderFieldValueList.cxx
         HeaderHash.cxx
         Headers.cxx
         HeaderTypes.cxx
         Helper.cxx
         IntegerCategory.cxx
         IntegerParameter.cxx
         InternalTransport.cxx
         InteropHelper.cxx
         InterruptableStackThread.cxx
         InvalidContents.cxx
         KeepAliveMessage.cxx
         LazyParser.cxx
         Message.cxx
         MessageFilterRule.cxx
         MessageWaitingContents.cxx
         MethodHash.cxx
         MethodTypes.cxx
         Mime.cxx
         MsgHeaderScanner.cxx
         MultipartAlternativeContents.cxx
         MultipartMixedContents.cxx
         MultipartRelatedContents.cxx
         MultipartSignedContents.cxx
         NameAddr.cxx
         NonceHelper.cxx
         OctetContents.cxx
         Parameter.cxx
         ParameterHash.cxx
         ParameterTypes.cxx
         ParserCategories.cxx
         ParserCategory.cxx
         ParserContainerBase.cxx
         Pidf.cxx
         Pkcs7Contents.cxx
         Pkcs8Contents.cxx
         PlainContents.cxx
         PrivacyCategory.cxx
         QuotedDataParameter.cxx
         QValue.cxx
         QValueParameter.cxx
         RAckCategory.cxx
         RequestLine.cxx
         Rlmi.cxx
         RportParameter.cxx
         SdpContents.cxx
         Security.cxx
         SecurityAttributes.cxx
         SERNonceHelper.cxx
         SipFrag.cxx
         SipMessage.cxx
         SipStack.cxx
         StackThread.cxx
         StatelessHandler.cxx
         StatisticsHandler.cxx
         StatisticsManager.cxx
         StatisticsMessage.cxx
         StatusLine.cxx
         StringCategory.cxx
         Symbols.cxx
         TcpBaseTransport.cxx
         TcpConnection.cxx
         TcpTransport.cxx
         TimeAccumulate.cxx
         TimerMessage.cxx
         TimerQueue.cxx
         TlsConnection.cxx
         TlsTransport.cxx
         Token.cxx
         TransactionController.cxx
         TransactionMap.cxx
         TransactionState.cxx
         TransactionUser.cxx
         TransactionUserMessage.cxx
         Transport.cxx
         TransportFailure.cxx
         TransportSelector.cxx
         TransportThread.cxx
         TuIM.cxx
         Tuple.cxx
         TupleMarkManager.cxx
         TuSelector.cxx
         UdpTransport.cxx
         UInt32Category.cxx
     1>c:\works\own\rtphone\libs\resiprocate\resip\stack\udptransport.cxx(643): warning C4244: 'argument' : conversion from 'UInt32' to 'UInt16', possible loss of data
         UInt32Parameter.cxx
         UnknownParameter.cxx
         Uri.cxx
         Via.cxx
         WarningCategory.cxx
         WinSecurity.cxx
         X509Contents.cxx
       Lib:
         C:\Program Files (x86)\Microsoft Visual Studio 12.0\VC\bin\Lib.exe /OUT:"SSL-Debug\resiprocate.lib" /NOLOGO "SSL-Debug\Aor.obj"
         "SSL-Debug\ApiCheck.obj"
         "SSL-Debug\ApplicationSip.obj"
         "SSL-Debug\Auth.obj"
         "SSL-Debug\BasicNonceHelper.obj"
         "SSL-Debug\BranchParameter.obj"
         "SSL-Debug\CallId.obj"
         "SSL-Debug\Compression.obj"
         "SSL-Debug\Connection.obj"
         "SSL-Debug\ConnectionBase.obj"
         "SSL-Debug\ConnectionManager.obj"
         "SSL-Debug\Contents.obj"
         "SSL-Debug\ContentsFactoryBase.obj"
         "SSL-Debug\CpimContents.obj"
         "SSL-Debug\CSeqCategory.obj"
         "SSL-Debug\DataParameter.obj"
         "SSL-Debug\DateCategory.obj"
         "SSL-Debug\DeprecatedDialog.obj"
         "SSL-Debug\DnsInterface.obj"
         "SSL-Debug\DnsResult.obj"
         "SSL-Debug\DtlsMessage.obj"
         "SSL-Debug\DtlsTransport.obj"
         "SSL-Debug\Embedded.obj"
         "SSL-Debug\EventStackThread.obj"
         "SSL-Debug\ExistsOrDataParameter.obj"
         "SSL-Debug\ExistsParameter.obj"
         "SSL-Debug\ExpiresCategory.obj"
         "SSL-Debug\ExtensionHeader.obj"
         "SSL-Debug\ExtensionParameter.obj"
         "SSL-Debug\ExternalBodyContents.obj"
         "SSL-Debug\GenericContents.obj"
         "SSL-Debug\GenericUri.obj"
         "SSL-Debug\HeaderFieldValue.obj"
         "SSL-Debug\HeaderFieldValueList.obj"
         "SSL-Debug\HeaderHash.obj"
         "SSL-Debug\Headers.obj"
         "SSL-Debug\HeaderTypes.obj"
         "SSL-Debug\Helper.obj"
         "SSL-Debug\IntegerCategory.obj"
         "SSL-Debug\IntegerParameter.obj"
         "SSL-Debug\InternalTransport.obj"
         "SSL-Debug\InteropHelper.obj"
         "SSL-Debug\InterruptableStackThread.obj"
         "SSL-Debug\InvalidContents.obj"
         "SSL-Debug\KeepAliveMessage.obj"
         "SSL-Debug\LazyParser.obj"
         "SSL-Debug\Message.obj"
         "SSL-Debug\MessageFilterRule.obj"
         "SSL-Debug\MessageWaitingContents.obj"
         "SSL-Debug\MethodHash.obj"
         "SSL-Debug\MethodTypes.obj"
         "SSL-Debug\Mime.obj"
         "SSL-Debug\MsgHeaderScanner.obj"
         "SSL-Debug\MultipartAlternativeContents.obj"
         "SSL-Debug\MultipartMixedContents.obj"
         "SSL-Debug\MultipartRelatedContents.obj"
         "SSL-Debug\MultipartSignedContents.obj"
         "SSL-Debug\NameAddr.obj"
         "SSL-Debug\NonceHelper.obj"
         "SSL-Debug\OctetContents.obj"
         "SSL-Debug\Parameter.obj"
         "SSL-Debug\ParameterHash.obj"
         "SSL-Debug\ParameterTypes.obj"
         "SSL-Debug\ParserCategories.obj"
         "SSL-Debug\ParserCategory.obj"
         "SSL-Debug\ParserContainerBase.obj"
         "SSL-Debug\Pidf.obj"
         "SSL-Debug\Pkcs7Contents.obj"
         "SSL-Debug\Pkcs8Contents.obj"
         "SSL-Debug\PlainContents.obj"
         "SSL-Debug\PrivacyCategory.obj"
         "SSL-Debug\QuotedDataParameter.obj"
         "SSL-Debug\QValue.obj"
         "SSL-Debug\QValueParameter.obj"
         "SSL-Debug\RAckCategory.obj"
         "SSL-Debug\RequestLine.obj"
         "SSL-Debug\Rlmi.obj"
         "SSL-Debug\RportParameter.obj"
         "SSL-Debug\SdpContents.obj"
         "SSL-Debug\Security.obj"
         "SSL-Debug\SecurityAttributes.obj"
         "SSL-Debug\SERNonceHelper.obj"
         "SSL-Debug\SipFrag.obj"
         "SSL-Debug\SipMessage.obj"
         "SSL-Debug\SipStack.obj"
         "SSL-Debug\StackThread.obj"
         "SSL-Debug\StatelessHandler.obj"
         "SSL-Debug\StatisticsHandler.obj"
         "SSL-Debug\StatisticsManager.obj"
         "SSL-Debug\StatisticsMessage.obj"
         "SSL-Debug\StatusLine.obj"
         "SSL-Debug\StringCategory.obj"
         "SSL-Debug\Symbols.obj"
         "SSL-Debug\TcpBaseTransport.obj"
         "SSL-Debug\TcpConnection.obj"
         "SSL-Debug\TcpTransport.obj"
         "SSL-Debug\TimeAccumulate.obj"
         "SSL-Debug\TimerMessage.obj"
         "SSL-Debug\TimerQueue.obj"
         "SSL-Debug\TlsConnection.obj"
         "SSL-Debug\TlsTransport.obj"
         "SSL-Debug\Token.obj"
         "SSL-Debug\TransactionController.obj"
         "SSL-Debug\TransactionMap.obj"
         "SSL-Debug\TransactionState.obj"
         "SSL-Debug\TransactionUser.obj"
         "SSL-Debug\TransactionUserMessage.obj"
         "SSL-Debug\Transport.obj"
         "SSL-Debug\TransportFailure.obj"
         "SSL-Debug\TransportSelector.obj"
         "SSL-Debug\TransportThread.obj"
         "SSL-Debug\TuIM.obj"
         "SSL-Debug\Tuple.obj"
         "SSL-Debug\TupleMarkManager.obj"
         "SSL-Debug\TuSelector.obj"
         "SSL-Debug\UdpTransport.obj"
         "SSL-Debug\UInt32Category.obj"
         "SSL-Debug\UInt32Parameter.obj"
         "SSL-Debug\UnknownParameter.obj"
         "SSL-Debug\Uri.obj"
         "SSL-Debug\Via.obj"
         "SSL-Debug\WarningCategory.obj"
         "SSL-Debug\WinSecurity.obj"
         "SSL-Debug\X509Contents.obj"
     1>HeaderTypes.obj : warning LNK4221: This object file does not define any previously undefined public symbols, so it will not be used by any link operation that consumes this library
         resiprocate_9_0.vcxproj -> C:\works\own\rtphone\Libs\resiprocate\resip\stack\SSL-Debug\resiprocate.lib
     1>Done Building Project "C:\works\own\rtphone\Libs\resiprocate\resip\stack\resiprocate_9_0.vcxproj" (Rebuild target(s)).

Build succeeded.

Time Elapsed 00:05:10.15
