c:\works\own\rtphone\libs\resiprocate\resip\stack\ssl-debug\vc120.pdb
c:\works\own\rtphone\libs\resiprocate\resip\stack\ssl-debug\resiprocate.lib
c:\works\own\rtphone\libs\resiprocate\resip\stack\ssl-debug\aor.obj
c:\works\own\rtphone\libs\resiprocate\resip\stack\ssl-debug\apicheck.obj
c:\works\own\rtphone\libs\resiprocate\resip\stack\ssl-debug\applicationsip.obj
c:\works\own\rtphone\libs\resiprocate\resip\stack\ssl-debug\auth.obj
c:\works\own\rtphone\libs\resiprocate\resip\stack\ssl-debug\basicnoncehelper.obj
c:\works\own\rtphone\libs\resiprocate\resip\stack\ssl-debug\branchparameter.obj
c:\works\own\rtphone\libs\resiprocate\resip\stack\ssl-debug\callid.obj
c:\works\own\rtphone\libs\resiprocate\resip\stack\ssl-debug\compression.obj
c:\works\own\rtphone\libs\resiprocate\resip\stack\ssl-debug\connection.obj
c:\works\own\rtphone\libs\resiprocate\resip\stack\ssl-debug\connectionbase.obj
c:\works\own\rtphone\libs\resiprocate\resip\stack\ssl-debug\connectionmanager.obj
c:\works\own\rtphone\libs\resiprocate\resip\stack\ssl-debug\contents.obj
c:\works\own\rtphone\libs\resiprocate\resip\stack\ssl-debug\contentsfactorybase.obj
c:\works\own\rtphone\libs\resiprocate\resip\stack\ssl-debug\cpimcontents.obj
c:\works\own\rtphone\libs\resiprocate\resip\stack\ssl-debug\cseqcategory.obj
c:\works\own\rtphone\libs\resiprocate\resip\stack\ssl-debug\dataparameter.obj
c:\works\own\rtphone\libs\resiprocate\resip\stack\ssl-debug\datecategory.obj
c:\works\own\rtphone\libs\resiprocate\resip\stack\ssl-debug\deprecateddialog.obj
c:\works\own\rtphone\libs\resiprocate\resip\stack\ssl-debug\dnsinterface.obj
c:\works\own\rtphone\libs\resiprocate\resip\stack\ssl-debug\dnsresult.obj
c:\works\own\rtphone\libs\resiprocate\resip\stack\ssl-debug\dtlsmessage.obj
c:\works\own\rtphone\libs\resiprocate\resip\stack\ssl-debug\dtlstransport.obj
c:\works\own\rtphone\libs\resiprocate\resip\stack\ssl-debug\embedded.obj
c:\works\own\rtphone\libs\resiprocate\resip\stack\ssl-debug\eventstackthread.obj
c:\works\own\rtphone\libs\resiprocate\resip\stack\ssl-debug\existsordataparameter.obj
c:\works\own\rtphone\libs\resiprocate\resip\stack\ssl-debug\existsparameter.obj
c:\works\own\rtphone\libs\resiprocate\resip\stack\ssl-debug\expirescategory.obj
c:\works\own\rtphone\libs\resiprocate\resip\stack\ssl-debug\extensionheader.obj
c:\works\own\rtphone\libs\resiprocate\resip\stack\ssl-debug\extensionparameter.obj
c:\works\own\rtphone\libs\resiprocate\resip\stack\ssl-debug\externalbodycontents.obj
c:\works\own\rtphone\libs\resiprocate\resip\stack\ssl-debug\genericcontents.obj
c:\works\own\rtphone\libs\resiprocate\resip\stack\ssl-debug\genericuri.obj
c:\works\own\rtphone\libs\resiprocate\resip\stack\ssl-debug\headerfieldvalue.obj
c:\works\own\rtphone\libs\resiprocate\resip\stack\ssl-debug\headerfieldvaluelist.obj
c:\works\own\rtphone\libs\resiprocate\resip\stack\ssl-debug\headerhash.obj
c:\works\own\rtphone\libs\resiprocate\resip\stack\ssl-debug\headers.obj
c:\works\own\rtphone\libs\resiprocate\resip\stack\ssl-debug\headertypes.obj
c:\works\own\rtphone\libs\resiprocate\resip\stack\ssl-debug\helper.obj
c:\works\own\rtphone\libs\resiprocate\resip\stack\ssl-debug\integercategory.obj
c:\works\own\rtphone\libs\resiprocate\resip\stack\ssl-debug\integerparameter.obj
c:\works\own\rtphone\libs\resiprocate\resip\stack\ssl-debug\internaltransport.obj
c:\works\own\rtphone\libs\resiprocate\resip\stack\ssl-debug\interophelper.obj
c:\works\own\rtphone\libs\resiprocate\resip\stack\ssl-debug\interruptablestackthread.obj
c:\works\own\rtphone\libs\resiprocate\resip\stack\ssl-debug\invalidcontents.obj
c:\works\own\rtphone\libs\resiprocate\resip\stack\ssl-debug\keepalivemessage.obj
c:\works\own\rtphone\libs\resiprocate\resip\stack\ssl-debug\lazyparser.obj
c:\works\own\rtphone\libs\resiprocate\resip\stack\ssl-debug\message.obj
c:\works\own\rtphone\libs\resiprocate\resip\stack\ssl-debug\messagefilterrule.obj
c:\works\own\rtphone\libs\resiprocate\resip\stack\ssl-debug\messagewaitingcontents.obj
c:\works\own\rtphone\libs\resiprocate\resip\stack\ssl-debug\methodhash.obj
c:\works\own\rtphone\libs\resiprocate\resip\stack\ssl-debug\methodtypes.obj
c:\works\own\rtphone\libs\resiprocate\resip\stack\ssl-debug\mime.obj
c:\works\own\rtphone\libs\resiprocate\resip\stack\ssl-debug\msgheaderscanner.obj
c:\works\own\rtphone\libs\resiprocate\resip\stack\ssl-debug\multipartalternativecontents.obj
c:\works\own\rtphone\libs\resiprocate\resip\stack\ssl-debug\multipartmixedcontents.obj
c:\works\own\rtphone\libs\resiprocate\resip\stack\ssl-debug\multipartrelatedcontents.obj
c:\works\own\rtphone\libs\resiprocate\resip\stack\ssl-debug\multipartsignedcontents.obj
c:\works\own\rtphone\libs\resiprocate\resip\stack\ssl-debug\nameaddr.obj
c:\works\own\rtphone\libs\resiprocate\resip\stack\ssl-debug\noncehelper.obj
c:\works\own\rtphone\libs\resiprocate\resip\stack\ssl-debug\octetcontents.obj
c:\works\own\rtphone\libs\resiprocate\resip\stack\ssl-debug\parameter.obj
c:\works\own\rtphone\libs\resiprocate\resip\stack\ssl-debug\parameterhash.obj
c:\works\own\rtphone\libs\resiprocate\resip\stack\ssl-debug\parametertypes.obj
c:\works\own\rtphone\libs\resiprocate\resip\stack\ssl-debug\parsercategories.obj
c:\works\own\rtphone\libs\resiprocate\resip\stack\ssl-debug\parsercategory.obj
c:\works\own\rtphone\libs\resiprocate\resip\stack\ssl-debug\parsercontainerbase.obj
c:\works\own\rtphone\libs\resiprocate\resip\stack\ssl-debug\pidf.obj
c:\works\own\rtphone\libs\resiprocate\resip\stack\ssl-debug\pkcs7contents.obj
c:\works\own\rtphone\libs\resiprocate\resip\stack\ssl-debug\pkcs8contents.obj
c:\works\own\rtphone\libs\resiprocate\resip\stack\ssl-debug\plaincontents.obj
c:\works\own\rtphone\libs\resiprocate\resip\stack\ssl-debug\privacycategory.obj
c:\works\own\rtphone\libs\resiprocate\resip\stack\ssl-debug\quoteddataparameter.obj
c:\works\own\rtphone\libs\resiprocate\resip\stack\ssl-debug\qvalue.obj
c:\works\own\rtphone\libs\resiprocate\resip\stack\ssl-debug\qvalueparameter.obj
c:\works\own\rtphone\libs\resiprocate\resip\stack\ssl-debug\rackcategory.obj
c:\works\own\rtphone\libs\resiprocate\resip\stack\ssl-debug\requestline.obj
c:\works\own\rtphone\libs\resiprocate\resip\stack\ssl-debug\rlmi.obj
c:\works\own\rtphone\libs\resiprocate\resip\stack\ssl-debug\rportparameter.obj
c:\works\own\rtphone\libs\resiprocate\resip\stack\ssl-debug\sdpcontents.obj
c:\works\own\rtphone\libs\resiprocate\resip\stack\ssl-debug\security.obj
c:\works\own\rtphone\libs\resiprocate\resip\stack\ssl-debug\securityattributes.obj
c:\works\own\rtphone\libs\resiprocate\resip\stack\ssl-debug\sernoncehelper.obj
c:\works\own\rtphone\libs\resiprocate\resip\stack\ssl-debug\sipfrag.obj
c:\works\own\rtphone\libs\resiprocate\resip\stack\ssl-debug\sipmessage.obj
c:\works\own\rtphone\libs\resiprocate\resip\stack\ssl-debug\sipstack.obj
c:\works\own\rtphone\libs\resiprocate\resip\stack\ssl-debug\stackthread.obj
c:\works\own\rtphone\libs\resiprocate\resip\stack\ssl-debug\statelesshandler.obj
c:\works\own\rtphone\libs\resiprocate\resip\stack\ssl-debug\statisticshandler.obj
c:\works\own\rtphone\libs\resiprocate\resip\stack\ssl-debug\statisticsmanager.obj
c:\works\own\rtphone\libs\resiprocate\resip\stack\ssl-debug\statisticsmessage.obj
c:\works\own\rtphone\libs\resiprocate\resip\stack\ssl-debug\statusline.obj
c:\works\own\rtphone\libs\resiprocate\resip\stack\ssl-debug\stringcategory.obj
c:\works\own\rtphone\libs\resiprocate\resip\stack\ssl-debug\symbols.obj
c:\works\own\rtphone\libs\resiprocate\resip\stack\ssl-debug\tcpbasetransport.obj
c:\works\own\rtphone\libs\resiprocate\resip\stack\ssl-debug\tcpconnection.obj
c:\works\own\rtphone\libs\resiprocate\resip\stack\ssl-debug\tcptransport.obj
c:\works\own\rtphone\libs\resiprocate\resip\stack\ssl-debug\timeaccumulate.obj
c:\works\own\rtphone\libs\resiprocate\resip\stack\ssl-debug\timermessage.obj
c:\works\own\rtphone\libs\resiprocate\resip\stack\ssl-debug\timerqueue.obj
c:\works\own\rtphone\libs\resiprocate\resip\stack\ssl-debug\tlsconnection.obj
c:\works\own\rtphone\libs\resiprocate\resip\stack\ssl-debug\tlstransport.obj
c:\works\own\rtphone\libs\resiprocate\resip\stack\ssl-debug\token.obj
c:\works\own\rtphone\libs\resiprocate\resip\stack\ssl-debug\transactioncontroller.obj
c:\works\own\rtphone\libs\resiprocate\resip\stack\ssl-debug\transactionmap.obj
c:\works\own\rtphone\libs\resiprocate\resip\stack\ssl-debug\transactionstate.obj
c:\works\own\rtphone\libs\resiprocate\resip\stack\ssl-debug\transactionuser.obj
c:\works\own\rtphone\libs\resiprocate\resip\stack\ssl-debug\transactionusermessage.obj
c:\works\own\rtphone\libs\resiprocate\resip\stack\ssl-debug\transport.obj
c:\works\own\rtphone\libs\resiprocate\resip\stack\ssl-debug\transportfailure.obj
c:\works\own\rtphone\libs\resiprocate\resip\stack\ssl-debug\transportselector.obj
c:\works\own\rtphone\libs\resiprocate\resip\stack\ssl-debug\transportthread.obj
c:\works\own\rtphone\libs\resiprocate\resip\stack\ssl-debug\tuim.obj
c:\works\own\rtphone\libs\resiprocate\resip\stack\ssl-debug\tuple.obj
c:\works\own\rtphone\libs\resiprocate\resip\stack\ssl-debug\tuplemarkmanager.obj
c:\works\own\rtphone\libs\resiprocate\resip\stack\ssl-debug\tuselector.obj
c:\works\own\rtphone\libs\resiprocate\resip\stack\ssl-debug\udptransport.obj
c:\works\own\rtphone\libs\resiprocate\resip\stack\ssl-debug\uint32category.obj
c:\works\own\rtphone\libs\resiprocate\resip\stack\ssl-debug\uint32parameter.obj
c:\works\own\rtphone\libs\resiprocate\resip\stack\ssl-debug\unknownparameter.obj
c:\works\own\rtphone\libs\resiprocate\resip\stack\ssl-debug\uri.obj
c:\works\own\rtphone\libs\resiprocate\resip\stack\ssl-debug\via.obj
c:\works\own\rtphone\libs\resiprocate\resip\stack\ssl-debug\warningcategory.obj
c:\works\own\rtphone\libs\resiprocate\resip\stack\ssl-debug\winsecurity.obj
c:\works\own\rtphone\libs\resiprocate\resip\stack\ssl-debug\x509contents.obj
c:\works\own\rtphone\libs\resiprocate\resip\stack\ssl-debug\vc120.idb
c:\works\own\rtphone\libs\resiprocate\resip\stack\ssl-debug\resiprocate.tlog\cl.command.1.tlog
c:\works\own\rtphone\libs\resiprocate\resip\stack\ssl-debug\resiprocate.tlog\cl.read.1.tlog
c:\works\own\rtphone\libs\resiprocate\resip\stack\ssl-debug\resiprocate.tlog\cl.write.1.tlog
c:\works\own\rtphone\libs\resiprocate\resip\stack\ssl-debug\resiprocate.tlog\lib-link.read.1.tlog
c:\works\own\rtphone\libs\resiprocate\resip\stack\ssl-debug\resiprocate.tlog\lib-link.write.1.tlog
c:\works\own\rtphone\libs\resiprocate\resip\stack\ssl-debug\resiprocate.tlog\lib.command.1.tlog
