c:\works\own\rtphone\libs\resiprocate\resip\dum\ssl-debug\vc120.pdb
c:\works\own\rtphone\libs\resiprocate\resip\dum\ssl-debug\dum.lib
c:\works\own\rtphone\libs\resiprocate\resip\dum\ssl-debug\dum_9_0.vcxprojresolveassemblyreference.cache
c:\works\own\rtphone\libs\resiprocate\resip\dum\ssl-debug\appdialog.obj
c:\works\own\rtphone\libs\resiprocate\resip\dum\ssl-debug\appdialogset.obj
c:\works\own\rtphone\libs\resiprocate\resip\dum\ssl-debug\appdialogsetfactory.obj
c:\works\own\rtphone\libs\resiprocate\resip\dum\ssl-debug\basecreator.obj
c:\works\own\rtphone\libs\resiprocate\resip\dum\ssl-debug\basesubscription.obj
c:\works\own\rtphone\libs\resiprocate\resip\dum\ssl-debug\baseusage.obj
c:\works\own\rtphone\libs\resiprocate\resip\dum\ssl-debug\certmessage.obj
c:\works\own\rtphone\libs\resiprocate\resip\dum\ssl-debug\challengeinfo.obj
c:\works\own\rtphone\libs\resiprocate\resip\dum\ssl-debug\clientauthextension.obj
c:\works\own\rtphone\libs\resiprocate\resip\dum\ssl-debug\clientauthmanager.obj
c:\works\own\rtphone\libs\resiprocate\resip\dum\ssl-debug\clientinvitesession.obj
c:\works\own\rtphone\libs\resiprocate\resip\dum\ssl-debug\clientoutofdialogreq.obj
c:\works\own\rtphone\libs\resiprocate\resip\dum\ssl-debug\clientpagermessage.obj
c:\works\own\rtphone\libs\resiprocate\resip\dum\ssl-debug\clientpublication.obj
c:\works\own\rtphone\libs\resiprocate\resip\dum\ssl-debug\clientregistration.obj
c:\works\own\rtphone\libs\resiprocate\resip\dum\ssl-debug\clientsubscription.obj
c:\works\own\rtphone\libs\resiprocate\resip\dum\ssl-debug\contactinstancerecord.obj
c:\works\own\rtphone\libs\resiprocate\resip\dum\ssl-debug\defaultserverreferhandler.obj
c:\works\own\rtphone\libs\resiprocate\resip\dum\ssl-debug\destroyusage.obj
c:\works\own\rtphone\libs\resiprocate\resip\dum\ssl-debug\dialog.obj
c:\works\own\rtphone\libs\resiprocate\resip\dum\ssl-debug\dialogeventinfo.obj
c:\works\own\rtphone\libs\resiprocate\resip\dum\ssl-debug\dialogeventstatemanager.obj
c:\works\own\rtphone\libs\resiprocate\resip\dum\ssl-debug\dialogid.obj
c:\works\own\rtphone\libs\resiprocate\resip\dum\ssl-debug\dialogset.obj
c:\works\own\rtphone\libs\resiprocate\resip\dum\ssl-debug\dialogsetid.obj
c:\works\own\rtphone\libs\resiprocate\resip\dum\ssl-debug\dialogusage.obj
c:\works\own\rtphone\libs\resiprocate\resip\dum\ssl-debug\dialogusagemanager.obj
c:\works\own\rtphone\libs\resiprocate\resip\dum\ssl-debug\dumdecrypted.obj
c:\works\own\rtphone\libs\resiprocate\resip\dum\ssl-debug\dumfeature.obj
c:\works\own\rtphone\libs\resiprocate\resip\dum\ssl-debug\dumfeaturechain.obj
c:\works\own\rtphone\libs\resiprocate\resip\dum\ssl-debug\dumfeaturemessage.obj
c:\works\own\rtphone\libs\resiprocate\resip\dum\ssl-debug\dumhelper.obj
c:\works\own\rtphone\libs\resiprocate\resip\dum\ssl-debug\dumprocesshandler.obj
c:\works\own\rtphone\libs\resiprocate\resip\dum\ssl-debug\dumthread.obj
c:\works\own\rtphone\libs\resiprocate\resip\dum\ssl-debug\dumtimeout.obj
c:\works\own\rtphone\libs\resiprocate\resip\dum\ssl-debug\encryptionmanager.obj
c:\works\own\rtphone\libs\resiprocate\resip\dum\ssl-debug\encryptionrequest.obj
c:\works\own\rtphone\libs\resiprocate\resip\dum\ssl-debug\handle.obj
c:\works\own\rtphone\libs\resiprocate\resip\dum\ssl-debug\handled.obj
c:\works\own\rtphone\libs\resiprocate\resip\dum\ssl-debug\handleexception.obj
c:\works\own\rtphone\libs\resiprocate\resip\dum\ssl-debug\handlemanager.obj
c:\works\own\rtphone\libs\resiprocate\resip\dum\ssl-debug\httpgetmessage.obj
c:\works\own\rtphone\libs\resiprocate\resip\dum\ssl-debug\httpprovider.obj
c:\works\own\rtphone\libs\resiprocate\resip\dum\ssl-debug\identityhandler.obj
c:\works\own\rtphone\libs\resiprocate\resip\dum\ssl-debug\inmemoryregistrationdatabase.obj
c:\works\own\rtphone\libs\resiprocate\resip\dum\ssl-debug\inmemorysyncregdb.obj
c:\works\own\rtphone\libs\resiprocate\resip\dum\ssl-debug\invitesession.obj
c:\works\own\rtphone\libs\resiprocate\resip\dum\ssl-debug\invitesessioncreator.obj
c:\works\own\rtphone\libs\resiprocate\resip\dum\ssl-debug\invitesessionhandler.obj
c:\works\own\rtphone\libs\resiprocate\resip\dum\ssl-debug\keepalivemanager.obj
c:\works\own\rtphone\libs\resiprocate\resip\dum\ssl-debug\keepalivetimeout.obj
c:\works\own\rtphone\libs\resiprocate\resip\dum\ssl-debug\masterprofile.obj
c:\works\own\rtphone\libs\resiprocate\resip\dum\ssl-debug\mergedrequestkey.obj
c:\works\own\rtphone\libs\resiprocate\resip\dum\ssl-debug\mergedrequestremovalcommand.obj
c:\works\own\rtphone\libs\resiprocate\resip\dum\ssl-debug\networkassociation.obj
c:\works\own\rtphone\libs\resiprocate\resip\dum\ssl-debug\nondialogusage.obj
c:\works\own\rtphone\libs\resiprocate\resip\dum\ssl-debug\outgoingevent.obj
c:\works\own\rtphone\libs\resiprocate\resip\dum\ssl-debug\outofdialogreqcreator.obj
c:\works\own\rtphone\libs\resiprocate\resip\dum\ssl-debug\pagermessagecreator.obj
c:\works\own\rtphone\libs\resiprocate\resip\dum\ssl-debug\profile.obj
c:\works\own\rtphone\libs\resiprocate\resip\dum\ssl-debug\publicationcreator.obj
c:\works\own\rtphone\libs\resiprocate\resip\dum\ssl-debug\redirectmanager.obj
c:\works\own\rtphone\libs\resiprocate\resip\dum\ssl-debug\registrationcreator.obj
c:\works\own\rtphone\libs\resiprocate\resip\dum\ssl-debug\registrationhandler.obj
c:\works\own\rtphone\libs\resiprocate\resip\dum\ssl-debug\serverauthmanager.obj
c:\works\own\rtphone\libs\resiprocate\resip\dum\ssl-debug\serverinvitesession.obj
c:\works\own\rtphone\libs\resiprocate\resip\dum\ssl-debug\serveroutofdialogreq.obj
c:\works\own\rtphone\libs\resiprocate\resip\dum\ssl-debug\serverpagermessage.obj
c:\works\own\rtphone\libs\resiprocate\resip\dum\ssl-debug\serverpublication.obj
c:\works\own\rtphone\libs\resiprocate\resip\dum\ssl-debug\serverregistration.obj
c:\works\own\rtphone\libs\resiprocate\resip\dum\ssl-debug\serversubscription.obj
c:\works\own\rtphone\libs\resiprocate\resip\dum\ssl-debug\subscriptioncreator.obj
c:\works\own\rtphone\libs\resiprocate\resip\dum\ssl-debug\subscriptionhandler.obj
c:\works\own\rtphone\libs\resiprocate\resip\dum\ssl-debug\subscriptionstate.obj
c:\works\own\rtphone\libs\resiprocate\resip\dum\ssl-debug\targetcommand.obj
c:\works\own\rtphone\libs\resiprocate\resip\dum\ssl-debug\tlspeerauthmanager.obj
c:\works\own\rtphone\libs\resiprocate\resip\dum\ssl-debug\userauthinfo.obj
c:\works\own\rtphone\libs\resiprocate\resip\dum\ssl-debug\userprofile.obj
c:\works\own\rtphone\libs\resiprocate\resip\dum\ssl-debug\dum.tlog\cl.command.1.tlog
c:\works\own\rtphone\libs\resiprocate\resip\dum\ssl-debug\dum.tlog\cl.read.1.tlog
c:\works\own\rtphone\libs\resiprocate\resip\dum\ssl-debug\dum.tlog\cl.write.1.tlog
c:\works\own\rtphone\libs\resiprocate\resip\dum\ssl-debug\dum.tlog\lib-link.read.1.tlog
c:\works\own\rtphone\libs\resiprocate\resip\dum\ssl-debug\dum.tlog\lib-link.write.1.tlog
c:\works\own\rtphone\libs\resiprocate\resip\dum\ssl-debug\dum.tlog\lib.command.1.tlog
