Build started 10/22/2015 4:21:01 PM.
     1>Project "C:\works\own\rtphone\Libs\resiprocate\rutil\rutil_9_0.vcxproj" on node 4 (Rebuild target(s)).
     1>ClCompile:
         C:\Program Files (x86)\Microsoft Visual Studio 12.0\VC\bin\CL.exe /c /IC:\works\own\rtphone\Libs\resiprocate\rutil\../contrib/ares /IC:\works\own\rtphone\Libs\resiprocate\rutil\../ /IC:\works\own\rtphone\Libs\resiprocate\rutil\../contrib/openssl/include /IC:\works\own\rtphone\Libs\resiprocate\rutil\../../openssl/include /ZI /nologo /W3 /WX- /Od /Oy- /D WIN32 /D _DEBUG /D _LIB /D USE_ARES /D USE_IPV6 /D USE_SSL /D LEAK_CHECK /D _VC80_UPGRADE=0x0710 /D _MBCS /Gm- /EHsc /RTC1 /MDd /GS /fp:precise /Zc:wchar_t /Zc:forScope /GR /Fo"SSL-Debug\\" /Fd"SSL-Debug\vc120.pdb" /Gd /TP /analyze- /errorReport:prompt /MP AbstractFifo.cxx AtomicCounter.cxx dns\AresDns.cxx BaseException.cxx Coders.cxx Condition.cxx ConfigParse.cxx CountStream.cxx Data.cxx DataStream.cxx dns\DnsAAAARecord.cxx dns\DnsCnameRecord.cxx dns\DnsHostRecord.cxx dns\DnsNaptrRecord.cxx dns\DnsSrvRecord.cxx dns\DnsStub.cxx dns\DnsThread.cxx DnsUtil.cxx dns\ExternalDnsFactory.cxx FdPoll.cxx FileSystem.cxx GeneralCongestionManager.cxx HeapInstanceCounter.cxx KeyValueStore.cxx dns\LocalDns.cxx Lock.cxx Log.cxx MD5Stream.cxx Mutex.cxx ssl\OpenSSLInit.cxx ParseBuffer.cxx ParseException.cxx Poll.cxx PoolBase.cxx dns\QueryTypes.cxx Random.cxx RecursiveMutex.cxx resipfaststreams.cxx dns\RRCache.cxx dns\RRList.cxx dns\RROverlay.cxx dns\RRVip.cxx RWMutex.cxx SelectInterruptor.cxx ServerProcess.cxx ssl\SHA1Stream.cxx Socket.cxx stun\Stun.cxx Subsystem.cxx SysLogBuf.cxx SysLogStream.cxx ThreadIf.cxx Time.cxx Timer.cxx TransportType.cxx stun\Udp.cxx vmd5.cxx WinCompat.cxx XMLCursor.cxx
         AbstractFifo.cxx
         AtomicCounter.cxx
         AresDns.cxx
         BaseException.cxx
         Coders.cxx
         Condition.cxx
         ConfigParse.cxx
         CountStream.cxx
         Data.cxx
         DataStream.cxx
         DnsAAAARecord.cxx
         DnsCnameRecord.cxx
         DnsHostRecord.cxx
         DnsNaptrRecord.cxx
         DnsSrvRecord.cxx
         DnsStub.cxx
         DnsThread.cxx
         DnsUtil.cxx
         ExternalDnsFactory.cxx
         FdPoll.cxx
         FileSystem.cxx
         GeneralCongestionManager.cxx
         HeapInstanceCounter.cxx
     1>c:\works\own\rtphone\libs\resiprocate\rutil\generalcongestionmanager.cxx(139): warning C4244: 'return' : conversion from 'UInt32' to 'UInt16', possible loss of data
     1>c:\works\own\rtphone\libs\resiprocate\rutil\generalcongestionmanager.cxx(141): warning C4244: 'return' : conversion from 'UInt32' to 'UInt16', possible loss of data
         KeyValueStore.cxx
         LocalDns.cxx
         Lock.cxx
         Log.cxx
         MD5Stream.cxx
         Mutex.cxx
         OpenSSLInit.cxx
         ParseBuffer.cxx
         ParseException.cxx
         Poll.cxx
         PoolBase.cxx
         QueryTypes.cxx
         Random.cxx
         RecursiveMutex.cxx
         resipfaststreams.cxx
         RRCache.cxx
         RRList.cxx
         RROverlay.cxx
         RRVip.cxx
         RWMutex.cxx
         SelectInterruptor.cxx
         ServerProcess.cxx
         SHA1Stream.cxx
         Socket.cxx
         Stun.cxx
         Subsystem.cxx
         SysLogBuf.cxx
         SysLogStream.cxx
         ThreadIf.cxx
         Time.cxx
         Timer.cxx
         TransportType.cxx
         Udp.cxx
         vmd5.cxx
         WinCompat.cxx
         XMLCursor.cxx
       Lib:
         C:\Program Files (x86)\Microsoft Visual Studio 12.0\VC\bin\Lib.exe /OUT:"SSL-Debug\rutil.lib" /NOLOGO "SSL-Debug\AbstractFifo.obj"
         "SSL-Debug\AtomicCounter.obj"
         "SSL-Debug\AresDns.obj"
         "SSL-Debug\BaseException.obj"
         "SSL-Debug\Coders.obj"
         "SSL-Debug\Condition.obj"
         "SSL-Debug\ConfigParse.obj"
         "SSL-Debug\CountStream.obj"
         "SSL-Debug\Data.obj"
         "SSL-Debug\DataStream.obj"
         "SSL-Debug\DnsAAAARecord.obj"
         "SSL-Debug\DnsCnameRecord.obj"
         "SSL-Debug\DnsHostRecord.obj"
         "SSL-Debug\DnsNaptrRecord.obj"
         "SSL-Debug\DnsSrvRecord.obj"
         "SSL-Debug\DnsStub.obj"
         "SSL-Debug\DnsThread.obj"
         "SSL-Debug\DnsUtil.obj"
         "SSL-Debug\ExternalDnsFactory.obj"
         "SSL-Debug\FdPoll.obj"
         "SSL-Debug\FileSystem.obj"
         "SSL-Debug\GeneralCongestionManager.obj"
         "SSL-Debug\HeapInstanceCounter.obj"
         "SSL-Debug\KeyValueStore.obj"
         "SSL-Debug\LocalDns.obj"
         "SSL-Debug\Lock.obj"
         "SSL-Debug\Log.obj"
         "SSL-Debug\MD5Stream.obj"
         "SSL-Debug\Mutex.obj"
         "SSL-Debug\OpenSSLInit.obj"
         "SSL-Debug\ParseBuffer.obj"
         "SSL-Debug\ParseException.obj"
         "SSL-Debug\Poll.obj"
         "SSL-Debug\PoolBase.obj"
         "SSL-Debug\QueryTypes.obj"
         "SSL-Debug\Random.obj"
         "SSL-Debug\RecursiveMutex.obj"
         "SSL-Debug\resipfaststreams.obj"
         "SSL-Debug\RRCache.obj"
         "SSL-Debug\RRList.obj"
         "SSL-Debug\RROverlay.obj"
         "SSL-Debug\RRVip.obj"
         "SSL-Debug\RWMutex.obj"
         "SSL-Debug\SelectInterruptor.obj"
         "SSL-Debug\ServerProcess.obj"
         "SSL-Debug\SHA1Stream.obj"
         "SSL-Debug\Socket.obj"
         "SSL-Debug\Stun.obj"
         "SSL-Debug\Subsystem.obj"
         "SSL-Debug\SysLogBuf.obj"
         "SSL-Debug\SysLogStream.obj"
         "SSL-Debug\ThreadIf.obj"
         "SSL-Debug\Time.obj"
         "SSL-Debug\Timer.obj"
         "SSL-Debug\TransportType.obj"
         "SSL-Debug\Udp.obj"
         "SSL-Debug\vmd5.obj"
         "SSL-Debug\WinCompat.obj"
         "SSL-Debug\XMLCursor.obj"
         rutil_9_0.vcxproj -> C:\works\own\rtphone\Libs\resiprocate\rutil\SSL-Debug\rutil.lib
     1>Done Building Project "C:\works\own\rtphone\Libs\resiprocate\rutil\rutil_9_0.vcxproj" (Rebuild target(s)).

Build succeeded.

Time Elapsed 00:02:04.96
